{"F:\\nasral\\Жестко\\Todo тестовое\\postcss.config.cjs": {"path":"F:\\nasral\\Жестко\\Todo тестовое\\postcss.config.cjs","all":true,"statementMap":{"0":{"start":{"line":1,"column":0},"end":{"line":1,"column":18}},"1":{"start":{"line":2,"column":0},"end":{"line":2,"column":12}},"2":{"start":{"line":3,"column":0},"end":{"line":3,"column":33}},"3":{"start":{"line":4,"column":0},"end":{"line":4,"column":28}},"4":{"start":{"line":5,"column":0},"end":{"line":5,"column":18}},"5":{"start":{"line":6,"column":0},"end":{"line":6,"column":40}},"6":{"start":{"line":7,"column":0},"end":{"line":7,"column":40}},"7":{"start":{"line":8,"column":0},"end":{"line":8,"column":40}},"8":{"start":{"line":9,"column":0},"end":{"line":9,"column":40}},"9":{"start":{"line":10,"column":0},"end":{"line":10,"column":40}},"10":{"start":{"line":11,"column":0},"end":{"line":11,"column":8}},"11":{"start":{"line":12,"column":0},"end":{"line":12,"column":6}},"12":{"start":{"line":13,"column":0},"end":{"line":13,"column":4}},"13":{"start":{"line":14,"column":0},"end":{"line":14,"column":2}}},"s":{"0":0,"1":0,"2":0,"3":0,"4":0,"5":0,"6":0,"7":0,"8":0,"9":0,"10":0,"11":0,"12":0,"13":0},"branchMap":{"0":{"type":"branch","line":1,"loc":{"start":{"line":1,"column":355},"end":{"line":14,"column":2}},"locations":[{"start":{"line":1,"column":355},"end":{"line":14,"column":2}}]}},"b":{"0":[0]},"fnMap":{"0":{"name":"(empty-report)","decl":{"start":{"line":1,"column":355},"end":{"line":14,"column":2}},"loc":{"start":{"line":1,"column":355},"end":{"line":14,"column":2}},"line":1}},"f":{"0":0}}
,"F:\\nasral\\Жестко\\Todo тестовое\\src\\main.tsx": {"path":"F:\\nasral\\Жестко\\Todo тестовое\\src\\main.tsx","all":true,"statementMap":{"0":{"start":{"line":1,"column":0},"end":{"line":1,"column":35}},"1":{"start":{"line":2,"column":0},"end":{"line":2,"column":46}},"2":{"start":{"line":3,"column":0},"end":{"line":3,"column":36}},"3":{"start":{"line":4,"column":0},"end":{"line":4,"column":21}},"4":{"start":{"line":5,"column":0},"end":{"line":5,"column":21}},"5":{"start":{"line":6,"column":0},"end":{"line":6,"column":48}},"6":{"start":{"line":7,"column":0},"end":{"line":7,"column":34}},"8":{"start":{"line":9,"column":0},"end":{"line":9,"column":52}},"9":{"start":{"line":10,"column":0},"end":{"line":10,"column":14}},"10":{"start":{"line":11,"column":0},"end":{"line":11,"column":21}},"11":{"start":{"line":12,"column":0},"end":{"line":12,"column":13}}},"s":{"0":0,"1":0,"2":0,"3":0,"4":0,"5":0,"6":0,"8":0,"9":0,"10":0,"11":0},"branchMap":{"0":{"type":"branch","line":1,"loc":{"start":{"line":1,"column":408},"end":{"line":15,"column":2}},"locations":[{"start":{"line":1,"column":408},"end":{"line":15,"column":2}}]}},"b":{"0":[0]},"fnMap":{"0":{"name":"(empty-report)","decl":{"start":{"line":1,"column":408},"end":{"line":15,"column":2}},"loc":{"start":{"line":1,"column":408},"end":{"line":15,"column":2}},"line":1}},"f":{"0":0}}
,"F:\\nasral\\Жестко\\Todo тестовое\\src\\App\\App.tsx": {"path":"F:\\nasral\\Жестко\\Todo тестовое\\src\\App\\App.tsx","all":false,"statementMap":{"0":{"start":{"line":1,"column":0},"end":{"line":1,"column":42}},"1":{"start":{"line":2,"column":0},"end":{"line":2,"column":56}},"2":{"start":{"line":3,"column":0},"end":{"line":3,"column":76}},"3":{"start":{"line":4,"column":0},"end":{"line":4,"column":53}},"4":{"start":{"line":5,"column":0},"end":{"line":5,"column":41}},"6":{"start":{"line":7,"column":0},"end":{"line":7,"column":26}},"7":{"start":{"line":8,"column":0},"end":{"line":8,"column":10}},"8":{"start":{"line":9,"column":0},"end":{"line":9,"column":26}},"9":{"start":{"line":10,"column":0},"end":{"line":10,"column":56}},"10":{"start":{"line":11,"column":0},"end":{"line":11,"column":56}},"11":{"start":{"line":12,"column":0},"end":{"line":12,"column":21}},"12":{"start":{"line":13,"column":0},"end":{"line":13,"column":20}},"16":{"start":{"line":17,"column":0},"end":{"line":17,"column":2}}},"s":{"0":1,"1":1,"2":1,"3":1,"4":1,"6":1,"7":1,"8":1,"9":1,"10":1,"11":1,"12":1,"16":1},"branchMap":{"0":{"type":"branch","line":7,"loc":{"start":{"line":7,"column":19},"end":{"line":17,"column":2}},"locations":[{"start":{"line":7,"column":19},"end":{"line":17,"column":2}}]}},"b":{"0":[1]},"fnMap":{"0":{"name":"App","decl":{"start":{"line":7,"column":19},"end":{"line":17,"column":2}},"loc":{"start":{"line":7,"column":19},"end":{"line":17,"column":2}},"line":7}},"f":{"0":1}}
,"F:\\nasral\\Жестко\\Todo тестовое\\src\\Todo\\Context\\TodoContext.ts": {"path":"F:\\nasral\\Жестко\\Todo тестовое\\src\\Todo\\Context\\TodoContext.ts","all":false,"statementMap":{"0":{"start":{"line":1,"column":0},"end":{"line":1,"column":38}},"12":{"start":{"line":13,"column":0},"end":{"line":13,"column":55}},"13":{"start":{"line":14,"column":0},"end":{"line":14,"column":12}},"14":{"start":{"line":15,"column":0},"end":{"line":15,"column":20}},"15":{"start":{"line":16,"column":0},"end":{"line":16,"column":23}},"16":{"start":{"line":17,"column":0},"end":{"line":17,"column":22}},"17":{"start":{"line":18,"column":0},"end":{"line":18,"column":23}},"18":{"start":{"line":19,"column":0},"end":{"line":19,"column":27}},"19":{"start":{"line":20,"column":0},"end":{"line":20,"column":3}}},"s":{"0":1,"12":1,"13":1,"14":1,"15":1,"16":1,"17":1,"18":1,"19":1},"branchMap":{},"b":{},"fnMap":{"0":{"name":"addTodo","decl":{"start":{"line":15,"column":11},"end":{"line":15,"column":20}},"loc":{"start":{"line":15,"column":11},"end":{"line":15,"column":20}},"line":15},"1":{"name":"deleteTodo","decl":{"start":{"line":16,"column":14},"end":{"line":16,"column":23}},"loc":{"start":{"line":16,"column":14},"end":{"line":16,"column":23}},"line":16},"2":{"name":"deleteAll","decl":{"start":{"line":17,"column":13},"end":{"line":17,"column":22}},"loc":{"start":{"line":17,"column":13},"end":{"line":17,"column":22}},"line":17},"3":{"name":"setChecked","decl":{"start":{"line":18,"column":14},"end":{"line":18,"column":23}},"loc":{"start":{"line":18,"column":14},"end":{"line":18,"column":23}},"line":18},"4":{"name":"clearCompleted","decl":{"start":{"line":19,"column":18},"end":{"line":19,"column":27}},"loc":{"start":{"line":19,"column":18},"end":{"line":19,"column":27}},"line":19}},"f":{"0":0,"1":0,"2":0,"3":0,"4":0}}
,"F:\\nasral\\Жестко\\Todo тестовое\\src\\Todo\\Context\\TodoContextContainer.tsx": {"path":"F:\\nasral\\Жестко\\Todo тестовое\\src\\Todo\\Context\\TodoContextContainer.tsx","all":false,"statementMap":{"0":{"start":{"line":1,"column":0},"end":{"line":1,"column":44}},"1":{"start":{"line":2,"column":0},"end":{"line":2,"column":44}},"3":{"start":{"line":4,"column":0},"end":{"line":4,"column":36}},"5":{"start":{"line":6,"column":0},"end":{"line":6,"column":80}},"6":{"start":{"line":7,"column":0},"end":{"line":7,"column":49}},"8":{"start":{"line":9,"column":0},"end":{"line":9,"column":37}},"9":{"start":{"line":10,"column":0},"end":{"line":10,"column":24}},"10":{"start":{"line":11,"column":0},"end":{"line":11,"column":19}},"11":{"start":{"line":12,"column":0},"end":{"line":12,"column":11}},"12":{"start":{"line":13,"column":0},"end":{"line":13,"column":23}},"13":{"start":{"line":14,"column":0},"end":{"line":14,"column":6}},"15":{"start":{"line":16,"column":0},"end":{"line":16,"column":40}},"16":{"start":{"line":17,"column":0},"end":{"line":17,"column":4}},"18":{"start":{"line":19,"column":0},"end":{"line":19,"column":38}},"19":{"start":{"line":20,"column":0},"end":{"line":20,"column":56}},"20":{"start":{"line":21,"column":0},"end":{"line":21,"column":4}},"22":{"start":{"line":23,"column":0},"end":{"line":23,"column":27}},"23":{"start":{"line":24,"column":0},"end":{"line":24,"column":17}},"24":{"start":{"line":25,"column":0},"end":{"line":25,"column":4}},"26":{"start":{"line":27,"column":0},"end":{"line":27,"column":54}},"27":{"start":{"line":28,"column":0},"end":{"line":28,"column":24}},"28":{"start":{"line":29,"column":0},"end":{"line":29,"column":29}},"29":{"start":{"line":30,"column":0},"end":{"line":30,"column":55}},"30":{"start":{"line":31,"column":0},"end":{"line":31,"column":36}},"31":{"start":{"line":32,"column":0},"end":{"line":32,"column":18}},"32":{"start":{"line":33,"column":0},"end":{"line":33,"column":7}},"33":{"start":{"line":34,"column":0},"end":{"line":34,"column":4}},"35":{"start":{"line":36,"column":0},"end":{"line":36,"column":32}},"36":{"start":{"line":37,"column":0},"end":{"line":37,"column":57}},"37":{"start":{"line":38,"column":0},"end":{"line":38,"column":4}},"38":{"start":{"line":39,"column":0},"end":{"line":39,"column":10}},"39":{"start":{"line":40,"column":0},"end":{"line":40,"column":25}},"40":{"start":{"line":41,"column":0},"end":{"line":41,"column":14}},"41":{"start":{"line":42,"column":0},"end":{"line":42,"column":14}},"42":{"start":{"line":43,"column":0},"end":{"line":43,"column":16}},"43":{"start":{"line":44,"column":0},"end":{"line":44,"column":19}},"44":{"start":{"line":45,"column":0},"end":{"line":45,"column":18}},"45":{"start":{"line":46,"column":0},"end":{"line":46,"column":19}},"46":{"start":{"line":47,"column":0},"end":{"line":47,"column":23}},"47":{"start":{"line":48,"column":0},"end":{"line":48,"column":8}},"49":{"start":{"line":50,"column":0},"end":{"line":50,"column":16}},"52":{"start":{"line":53,"column":0},"end":{"line":53,"column":2}}},"s":{"0":1,"1":1,"3":1,"5":1,"6":1,"8":1,"9":0,"10":0,"11":0,"12":0,"13":0,"15":0,"16":0,"18":1,"19":0,"20":0,"22":1,"23":0,"24":0,"26":1,"27":0,"28":0,"29":0,"30":0,"31":0,"32":0,"33":0,"35":1,"36":0,"37":0,"38":1,"39":1,"40":1,"41":1,"42":1,"43":1,"44":1,"45":1,"46":1,"47":1,"49":1,"52":1},"branchMap":{"0":{"type":"branch","line":6,"loc":{"start":{"line":6,"column":36},"end":{"line":53,"column":2}},"locations":[{"start":{"line":6,"column":36},"end":{"line":53,"column":2}}]}},"b":{"0":[1]},"fnMap":{"0":{"name":"TodoContextContainer","decl":{"start":{"line":6,"column":36},"end":{"line":53,"column":2}},"loc":{"start":{"line":6,"column":36},"end":{"line":53,"column":2}},"line":6},"1":{"name":"addTodo","decl":{"start":{"line":9,"column":18},"end":{"line":17,"column":4}},"loc":{"start":{"line":9,"column":18},"end":{"line":17,"column":4}},"line":9},"2":{"name":"deleteTodo","decl":{"start":{"line":19,"column":21},"end":{"line":21,"column":4}},"loc":{"start":{"line":19,"column":21},"end":{"line":21,"column":4}},"line":19},"3":{"name":"deleteAll","decl":{"start":{"line":23,"column":20},"end":{"line":25,"column":4}},"loc":{"start":{"line":23,"column":20},"end":{"line":25,"column":4}},"line":23},"4":{"name":"setChecked","decl":{"start":{"line":27,"column":21},"end":{"line":34,"column":4}},"loc":{"start":{"line":27,"column":21},"end":{"line":34,"column":4}},"line":27},"5":{"name":"clearCompleted","decl":{"start":{"line":36,"column":25},"end":{"line":38,"column":4}},"loc":{"start":{"line":36,"column":25},"end":{"line":38,"column":4}},"line":36}},"f":{"0":1,"1":0,"2":0,"3":0,"4":0,"5":0}}
,"F:\\nasral\\Жестко\\Todo тестовое\\src\\Todo\\TodoInput\\TodoInput.tsx": {"path":"F:\\nasral\\Жестко\\Todo тестовое\\src\\Todo\\TodoInput\\TodoInput.tsx","all":false,"statementMap":{"0":{"start":{"line":1,"column":0},"end":{"line":1,"column":50}},"1":{"start":{"line":2,"column":0},"end":{"line":2,"column":51}},"2":{"start":{"line":3,"column":0},"end":{"line":3,"column":53}},"3":{"start":{"line":4,"column":0},"end":{"line":4,"column":41}},"5":{"start":{"line":6,"column":0},"end":{"line":6,"column":37}},"6":{"start":{"line":7,"column":0},"end":{"line":7,"column":41}},"7":{"start":{"line":8,"column":0},"end":{"line":8,"column":46}},"9":{"start":{"line":10,"column":0},"end":{"line":10,"column":28}},"10":{"start":{"line":11,"column":0},"end":{"line":11,"column":30}},"11":{"start":{"line":12,"column":0},"end":{"line":12,"column":19}},"12":{"start":{"line":13,"column":0},"end":{"line":13,"column":17}},"13":{"start":{"line":14,"column":0},"end":{"line":14,"column":4}},"15":{"start":{"line":16,"column":0},"end":{"line":16,"column":10}},"16":{"start":{"line":17,"column":0},"end":{"line":17,"column":9}},"17":{"start":{"line":18,"column":0},"end":{"line":18,"column":34}},"18":{"start":{"line":19,"column":0},"end":{"line":19,"column":24}},"19":{"start":{"line":20,"column":0},"end":{"line":20,"column":27}},"20":{"start":{"line":21,"column":0},"end":{"line":21,"column":21}},"21":{"start":{"line":22,"column":0},"end":{"line":22,"column":8}},"23":{"start":{"line":24,"column":0},"end":{"line":24,"column":16}},"24":{"start":{"line":25,"column":0},"end":{"line":25,"column":21}},"25":{"start":{"line":26,"column":0},"end":{"line":26,"column":33}},"26":{"start":{"line":27,"column":0},"end":{"line":27,"column":38}},"27":{"start":{"line":28,"column":0},"end":{"line":28,"column":23}},"28":{"start":{"line":29,"column":0},"end":{"line":29,"column":10}},"29":{"start":{"line":30,"column":0},"end":{"line":30,"column":44}},"30":{"start":{"line":31,"column":0},"end":{"line":31,"column":57}},"32":{"start":{"line":33,"column":0},"end":{"line":33,"column":58}},"37":{"start":{"line":38,"column":0},"end":{"line":38,"column":3}}},"s":{"0":1,"1":1,"2":1,"3":1,"5":1,"6":13,"7":13,"9":13,"10":2,"11":1,"12":1,"13":1,"15":13,"16":13,"17":13,"18":13,"19":2,"20":2,"21":2,"23":13,"24":13,"25":13,"26":9,"27":0,"28":0,"29":13,"30":13,"32":13,"37":13},"branchMap":{"0":{"type":"branch","line":6,"loc":{"start":{"line":6,"column":30},"end":{"line":38,"column":3}},"locations":[{"start":{"line":6,"column":30},"end":{"line":38,"column":3}}]},"1":{"type":"branch","line":10,"loc":{"start":{"line":10,"column":21},"end":{"line":14,"column":4}},"locations":[{"start":{"line":10,"column":21},"end":{"line":14,"column":4}}]},"2":{"type":"branch","line":11,"loc":{"start":{"line":11,"column":23},"end":{"line":14,"column":4}},"locations":[{"start":{"line":11,"column":23},"end":{"line":14,"column":4}}]},"3":{"type":"branch","line":19,"loc":{"start":{"line":19,"column":16},"end":{"line":22,"column":8}},"locations":[{"start":{"line":19,"column":16},"end":{"line":22,"column":8}}]},"4":{"type":"branch","line":26,"loc":{"start":{"line":26,"column":19},"end":{"line":29,"column":10}},"locations":[{"start":{"line":26,"column":19},"end":{"line":29,"column":10}}]},"5":{"type":"branch","line":27,"loc":{"start":{"line":27,"column":31},"end":{"line":29,"column":10}},"locations":[{"start":{"line":27,"column":31},"end":{"line":29,"column":10}}]},"6":{"type":"branch","line":31,"loc":{"start":{"line":31,"column":18},"end":{"line":31,"column":57}},"locations":[{"start":{"line":31,"column":18},"end":{"line":31,"column":57}}]}},"b":{"0":[13],"1":[2],"2":[1],"3":[2],"4":[9],"5":[0],"6":[9]},"fnMap":{"0":{"name":"submitTodo","decl":{"start":{"line":10,"column":21},"end":{"line":14,"column":4}},"loc":{"start":{"line":10,"column":21},"end":{"line":14,"column":4}},"line":10},"1":{"name":"onSubmit","decl":{"start":{"line":19,"column":16},"end":{"line":22,"column":8}},"loc":{"start":{"line":19,"column":16},"end":{"line":22,"column":8}},"line":19},"2":{"name":"onKeyDown","decl":{"start":{"line":26,"column":19},"end":{"line":29,"column":10}},"loc":{"start":{"line":26,"column":19},"end":{"line":29,"column":10}},"line":26},"3":{"name":"onChange","decl":{"start":{"line":31,"column":18},"end":{"line":31,"column":57}},"loc":{"start":{"line":31,"column":18},"end":{"line":31,"column":57}},"line":31}},"f":{"0":2,"1":2,"2":9,"3":9}}
,"F:\\nasral\\Жестко\\Todo тестовое\\src\\Todo\\TodoItem\\TodoItem.tsx": {"path":"F:\\nasral\\Жестко\\Todo тестовое\\src\\Todo\\TodoItem\\TodoItem.tsx","all":false,"statementMap":{"0":{"start":{"line":1,"column":0},"end":{"line":1,"column":54}},"2":{"start":{"line":3,"column":0},"end":{"line":3,"column":41}},"10":{"start":{"line":11,"column":0},"end":{"line":11,"column":70}},"11":{"start":{"line":12,"column":0},"end":{"line":12,"column":35}},"13":{"start":{"line":14,"column":0},"end":{"line":14,"column":10}},"14":{"start":{"line":15,"column":0},"end":{"line":15,"column":38}},"15":{"start":{"line":16,"column":0},"end":{"line":16,"column":60}},"16":{"start":{"line":17,"column":0},"end":{"line":17,"column":10}},"17":{"start":{"line":18,"column":0},"end":{"line":18,"column":31}},"18":{"start":{"line":19,"column":0},"end":{"line":19,"column":71}},"20":{"start":{"line":21,"column":0},"end":{"line":21,"column":14}},"22":{"start":{"line":23,"column":0},"end":{"line":23,"column":42}},"25":{"start":{"line":26,"column":0},"end":{"line":26,"column":2}}},"s":{"0":1,"2":1,"10":1,"11":2,"13":2,"14":2,"15":2,"16":2,"17":2,"18":2,"20":2,"22":2,"25":2},"branchMap":{"0":{"type":"branch","line":11,"loc":{"start":{"line":11,"column":24},"end":{"line":26,"column":2}},"locations":[{"start":{"line":11,"column":24},"end":{"line":26,"column":2}}]},"1":{"type":"branch","line":19,"loc":{"start":{"line":19,"column":33},"end":{"line":19,"column":62}},"locations":[{"start":{"line":19,"column":33},"end":{"line":19,"column":62}}]}},"b":{"0":[2],"1":[0]},"fnMap":{"0":{"name":"TodoItem","decl":{"start":{"line":11,"column":24},"end":{"line":26,"column":2}},"loc":{"start":{"line":11,"column":24},"end":{"line":26,"column":2}},"line":11}},"f":{"0":2}}
,"F:\\nasral\\Жестко\\Todo тестовое\\src\\Todo\\TodoList\\TodoList.tsx": {"path":"F:\\nasral\\Жестко\\Todo тестовое\\src\\Todo\\TodoList\\TodoList.tsx","all":false,"statementMap":{"0":{"start":{"line":1,"column":0},"end":{"line":1,"column":54}},"1":{"start":{"line":2,"column":0},"end":{"line":2,"column":53}},"2":{"start":{"line":3,"column":0},"end":{"line":3,"column":48}},"4":{"start":{"line":5,"column":0},"end":{"line":5,"column":39}},"5":{"start":{"line":6,"column":0},"end":{"line":6,"column":41}},"6":{"start":{"line":7,"column":0},"end":{"line":7,"column":61}},"10":{"start":{"line":11,"column":0},"end":{"line":11,"column":31}},"11":{"start":{"line":12,"column":0},"end":{"line":12,"column":59}},"12":{"start":{"line":13,"column":0},"end":{"line":13,"column":28}},"13":{"start":{"line":14,"column":0},"end":{"line":14,"column":62}},"14":{"start":{"line":15,"column":0},"end":{"line":15,"column":80}},"16":{"start":{"line":17,"column":0},"end":{"line":17,"column":22}},"17":{"start":{"line":18,"column":0},"end":{"line":18,"column":36}},"18":{"start":{"line":19,"column":0},"end":{"line":19,"column":3}},"20":{"start":{"line":21,"column":0},"end":{"line":21,"column":55}},"21":{"start":{"line":22,"column":0},"end":{"line":22,"column":41}},"22":{"start":{"line":23,"column":0},"end":{"line":23,"column":21}},"23":{"start":{"line":24,"column":0},"end":{"line":24,"column":17}},"24":{"start":{"line":25,"column":0},"end":{"line":25,"column":18}},"25":{"start":{"line":26,"column":0},"end":{"line":26,"column":29}},"26":{"start":{"line":27,"column":0},"end":{"line":27,"column":29}},"27":{"start":{"line":28,"column":0},"end":{"line":28,"column":12}},"28":{"start":{"line":29,"column":0},"end":{"line":29,"column":29}},"29":{"start":{"line":30,"column":0},"end":{"line":30,"column":43}},"30":{"start":{"line":31,"column":0},"end":{"line":31,"column":12}},"35":{"start":{"line":36,"column":0},"end":{"line":36,"column":20}},"36":{"start":{"line":37,"column":0},"end":{"line":37,"column":17}},"37":{"start":{"line":38,"column":0},"end":{"line":38,"column":52}},"39":{"start":{"line":40,"column":0},"end":{"line":40,"column":20}},"40":{"start":{"line":41,"column":0},"end":{"line":41,"column":32}},"41":{"start":{"line":42,"column":0},"end":{"line":42,"column":47}},"43":{"start":{"line":44,"column":0},"end":{"line":44,"column":43}},"45":{"start":{"line":46,"column":0},"end":{"line":46,"column":23}},"46":{"start":{"line":47,"column":0},"end":{"line":47,"column":35}},"47":{"start":{"line":48,"column":0},"end":{"line":48,"column":50}},"49":{"start":{"line":50,"column":0},"end":{"line":50,"column":55}},"51":{"start":{"line":52,"column":0},"end":{"line":52,"column":14}},"52":{"start":{"line":53,"column":0},"end":{"line":53,"column":18}},"53":{"start":{"line":54,"column":0},"end":{"line":54,"column":5}},"54":{"start":{"line":55,"column":0},"end":{"line":55,"column":4}},"56":{"start":{"line":57,"column":0},"end":{"line":57,"column":10}},"57":{"start":{"line":58,"column":0},"end":{"line":58,"column":38}},"58":{"start":{"line":59,"column":0},"end":{"line":59,"column":29}},"59":{"start":{"line":60,"column":0},"end":{"line":60,"column":23}},"60":{"start":{"line":61,"column":0},"end":{"line":61,"column":43}},"61":{"start":{"line":62,"column":0},"end":{"line":62,"column":15}},"62":{"start":{"line":63,"column":0},"end":{"line":63,"column":74}},"64":{"start":{"line":65,"column":0},"end":{"line":65,"column":43}},"65":{"start":{"line":66,"column":0},"end":{"line":66,"column":19}},"66":{"start":{"line":67,"column":0},"end":{"line":67,"column":52}},"67":{"start":{"line":68,"column":0},"end":{"line":68,"column":31}},"68":{"start":{"line":69,"column":0},"end":{"line":69,"column":45}},"69":{"start":{"line":70,"column":0},"end":{"line":70,"column":13}},"72":{"start":{"line":73,"column":0},"end":{"line":73,"column":19}},"73":{"start":{"line":74,"column":0},"end":{"line":74,"column":55}},"74":{"start":{"line":75,"column":0},"end":{"line":75,"column":31}},"75":{"start":{"line":76,"column":0},"end":{"line":76,"column":48}},"76":{"start":{"line":77,"column":0},"end":{"line":77,"column":13}},"79":{"start":{"line":80,"column":0},"end":{"line":80,"column":19}},"80":{"start":{"line":81,"column":0},"end":{"line":81,"column":58}},"81":{"start":{"line":82,"column":0},"end":{"line":82,"column":31}},"82":{"start":{"line":83,"column":0},"end":{"line":83,"column":51}},"83":{"start":{"line":84,"column":0},"end":{"line":84,"column":13}},"87":{"start":{"line":88,"column":0},"end":{"line":88,"column":43}},"88":{"start":{"line":89,"column":0},"end":{"line":89,"column":63}},"93":{"start":{"line":94,"column":0},"end":{"line":94,"column":15}},"96":{"start":{"line":97,"column":0},"end":{"line":97,"column":2}}},"s":{"0":1,"1":1,"2":1,"4":1,"5":1,"6":1,"10":1,"11":1,"12":1,"13":1,"14":1,"16":1,"17":1,"18":1,"20":0,"21":0,"22":0,"23":0,"24":0,"25":0,"26":0,"27":0,"28":0,"29":0,"30":0,"35":0,"36":0,"37":0,"39":0,"40":0,"41":0,"43":0,"45":0,"46":0,"47":0,"49":0,"51":0,"52":0,"53":0,"54":0,"56":0,"57":0,"58":0,"59":0,"60":0,"61":0,"62":0,"64":0,"65":0,"66":0,"67":0,"68":0,"69":0,"72":0,"73":0,"74":0,"75":0,"76":0,"79":0,"80":0,"81":0,"82":0,"83":0,"87":0,"88":0,"93":0,"96":1},"branchMap":{"0":{"type":"branch","line":11,"loc":{"start":{"line":11,"column":24},"end":{"line":97,"column":2}},"locations":[{"start":{"line":11,"column":24},"end":{"line":97,"column":2}}]},"1":{"type":"branch","line":19,"loc":{"start":{"line":19,"column":2},"end":{"line":94,"column":15}},"locations":[{"start":{"line":19,"column":2},"end":{"line":94,"column":15}}]},"2":{"type":"branch","line":94,"loc":{"start":{"line":94,"column":10},"end":{"line":94,"column":15}},"locations":[{"start":{"line":94,"column":10},"end":{"line":94,"column":15}}]},"3":{"type":"branch","line":15,"loc":{"start":{"line":15,"column":40},"end":{"line":15,"column":71}},"locations":[{"start":{"line":15,"column":40},"end":{"line":15,"column":71}}]}},"b":{"0":[1],"1":[0],"2":[0],"3":[1]},"fnMap":{"0":{"name":"TodoList","decl":{"start":{"line":11,"column":24},"end":{"line":97,"column":2}},"loc":{"start":{"line":11,"column":24},"end":{"line":97,"column":2}},"line":11},"1":{"name":"renderListFunc","decl":{"start":{"line":21,"column":25},"end":{"line":55,"column":4}},"loc":{"start":{"line":21,"column":25},"end":{"line":55,"column":4}},"line":21},"2":{"name":"onClick","decl":{"start":{"line":69,"column":23},"end":{"line":69,"column":45}},"loc":{"start":{"line":69,"column":23},"end":{"line":69,"column":45}},"line":69},"3":{"name":"onClick","decl":{"start":{"line":76,"column":23},"end":{"line":76,"column":48}},"loc":{"start":{"line":76,"column":23},"end":{"line":76,"column":48}},"line":76},"4":{"name":"onClick","decl":{"start":{"line":83,"column":23},"end":{"line":83,"column":51}},"loc":{"start":{"line":83,"column":23},"end":{"line":83,"column":51}},"line":83}},"f":{"0":1,"1":0,"2":0,"3":0,"4":0}}
,"F:\\nasral\\Жестко\\Todo тестовое\\src\\Todo\\types\\todoTypes.ts": {"path":"F:\\nasral\\Жестко\\Todo тестовое\\src\\Todo\\types\\todoTypes.ts","all":true,"statementMap":{"4":{"start":{"line":5,"column":0},"end":{"line":5,"column":1}}},"s":{"4":0},"branchMap":{"0":{"type":"branch","line":1,"loc":{"start":{"line":1,"column":81},"end":{"line":5,"column":1}},"locations":[{"start":{"line":1,"column":81},"end":{"line":5,"column":1}}]}},"b":{"0":[1]},"fnMap":{"0":{"name":"(empty-report)","decl":{"start":{"line":1,"column":81},"end":{"line":5,"column":1}},"loc":{"start":{"line":1,"column":81},"end":{"line":5,"column":1}},"line":1}},"f":{"0":1}}
,"F:\\nasral\\Жестко\\Todo тестовое\\src\\Todo\\utils\\getFilteredTodos.ts": {"path":"F:\\nasral\\Жестко\\Todo тестовое\\src\\Todo\\utils\\getFilteredTodos.ts","all":false,"statementMap":{"2":{"start":{"line":3,"column":0},"end":{"line":3,"column":52}},"3":{"start":{"line":4,"column":0},"end":{"line":4,"column":31}},"4":{"start":{"line":5,"column":0},"end":{"line":5,"column":28}},"5":{"start":{"line":6,"column":0},"end":{"line":6,"column":24}},"6":{"start":{"line":7,"column":0},"end":{"line":7,"column":22}},"7":{"start":{"line":8,"column":0},"end":{"line":8,"column":24}},"8":{"start":{"line":9,"column":0},"end":{"line":9,"column":12}},"9":{"start":{"line":10,"column":0},"end":{"line":10,"column":21}},"10":{"start":{"line":11,"column":0},"end":{"line":11,"column":5}},"11":{"start":{"line":12,"column":0},"end":{"line":12,"column":5}},"13":{"start":{"line":14,"column":0},"end":{"line":14,"column":10}},"14":{"start":{"line":15,"column":0},"end":{"line":15,"column":14}},"15":{"start":{"line":16,"column":0},"end":{"line":16,"column":11}},"16":{"start":{"line":17,"column":0},"end":{"line":17,"column":4}},"17":{"start":{"line":18,"column":0},"end":{"line":18,"column":2}}},"s":{"2":1,"3":1,"4":1,"5":1,"6":0,"7":0,"8":0,"9":0,"10":0,"11":0,"13":1,"14":1,"15":1,"16":1,"17":1},"branchMap":{"0":{"type":"branch","line":3,"loc":{"start":{"line":3,"column":32},"end":{"line":18,"column":2}},"locations":[{"start":{"line":3,"column":32},"end":{"line":18,"column":2}}]}},"b":{"0":[1]},"fnMap":{"0":{"name":"getFilteredTodos","decl":{"start":{"line":3,"column":32},"end":{"line":18,"column":2}},"loc":{"start":{"line":3,"column":32},"end":{"line":18,"column":2}},"line":3}},"f":{"0":1}}
}
